<?xml version="1.0" encoding="UTF-8"?>
<testng-results ignored="0" total="6" passed="6" failed="0" skipped="0">
  <reporter-output>
  </reporter-output>
  <suite started-at="2023-11-28T11:55:02 BDT" name="All Test Suite" finished-at="2023-11-28T11:56:09 BDT" duration-ms="66868">
    <groups>
    </groups>
    <test started-at="2023-11-28T11:55:02 BDT" name="C:/Users/Lenovo/IdeaProjects/wafilite" finished-at="2023-11-28T11:56:09 BDT" duration-ms="66868">
      <class name="org.example.tests.AuthorPageTest">
        <test-method is-config="true" signature="start()[pri:0, instance:org.example.tests.AuthorPageTest@645aa696]" started-at="2023-11-28T11:55:13 BDT" name="start" finished-at="2023-11-28T11:55:13 BDT" duration-ms="2" status="PASS">
          <reporter-output>
          </reporter-output>
        </test-method> <!-- start -->
        <test-method signature="authorPageTest()[pri:0, instance:org.example.tests.AuthorPageTest@645aa696]" started-at="2023-11-28T11:55:13 BDT" name="authorPageTest" finished-at="2023-11-28T11:55:18 BDT" duration-ms="4686" status="PASS">
          <reporter-output>
          </reporter-output>
        </test-method> <!-- authorPageTest -->
        <test-method is-config="true" signature="report()[pri:0, instance:org.example.tests.AuthorPageTest@645aa696]" started-at="2023-11-28T11:55:18 BDT" name="report" finished-at="2023-11-28T11:55:18 BDT" duration-ms="102" status="PASS">
          <reporter-output>
          </reporter-output>
        </test-method> <!-- report -->
      </class> <!-- org.example.tests.AuthorPageTest -->
      <class name="org.example.tests.CheckoutPageTest">
        <test-method is-config="true" signature="start()[pri:0, instance:org.example.tests.CheckoutPageTest@273444fe]" started-at="2023-11-28T11:55:34 BDT" name="start" finished-at="2023-11-28T11:55:34 BDT" duration-ms="1" status="PASS">
          <reporter-output>
          </reporter-output>
        </test-method> <!-- start -->
        <test-method signature="CheckOUTPage()[pri:0, instance:org.example.tests.CheckoutPageTest@273444fe]" started-at="2023-11-28T11:55:34 BDT" name="CheckOUTPage" finished-at="2023-11-28T11:56:08 BDT" duration-ms="34744" status="PASS">
          <reporter-output>
          </reporter-output>
        </test-method> <!-- CheckOUTPage -->
        <test-method is-config="true" signature="report()[pri:0, instance:org.example.tests.CheckoutPageTest@273444fe]" started-at="2023-11-28T11:56:08 BDT" name="report" finished-at="2023-11-28T11:56:09 BDT" duration-ms="153" status="PASS">
          <reporter-output>
          </reporter-output>
        </test-method> <!-- report -->
      </class> <!-- org.example.tests.CheckoutPageTest -->
      <class name="org.example.tests.OrderPageTest">
        <test-method is-config="true" signature="start()[pri:0, instance:org.example.tests.OrderPageTest@413d1baf]" started-at="2023-11-28T11:55:23 BDT" name="start" finished-at="2023-11-28T11:55:23 BDT" duration-ms="1" status="PASS">
          <reporter-output>
          </reporter-output>
        </test-method> <!-- start -->
        <test-method signature="orderPageTest()[pri:0, instance:org.example.tests.OrderPageTest@413d1baf]" started-at="2023-11-28T11:55:23 BDT" name="orderPageTest" finished-at="2023-11-28T11:55:26 BDT" duration-ms="3133" status="PASS">
          <reporter-output>
          </reporter-output>
        </test-method> <!-- orderPageTest -->
        <test-method is-config="true" signature="report()[pri:0, instance:org.example.tests.OrderPageTest@413d1baf]" started-at="2023-11-28T11:55:26 BDT" name="report" finished-at="2023-11-28T11:55:26 BDT" duration-ms="121" status="PASS">
          <reporter-output>
          </reporter-output>
        </test-method> <!-- report -->
      </class> <!-- org.example.tests.OrderPageTest -->
      <class name="org.example.tests.HomePageTest">
        <test-method is-config="true" signature="startBrowser()[pri:0, instance:org.example.tests.HomePageTest@606e4010]" started-at="2023-11-28T11:54:54 BDT" name="startBrowser" finished-at="2023-11-28T11:55:02 BDT" duration-ms="8205" status="PASS">
          <reporter-output>
          </reporter-output>
        </test-method> <!-- startBrowser -->
        <test-method is-config="true" signature="start()[pri:0, instance:org.example.tests.HomePageTest@606e4010]" started-at="2023-11-28T11:55:02 BDT" name="start" finished-at="2023-11-28T11:55:08 BDT" duration-ms="5832" status="PASS">
          <reporter-output>
          </reporter-output>
        </test-method> <!-- start -->
        <test-method signature="homeTest()[pri:0, instance:org.example.tests.HomePageTest@606e4010]" started-at="2023-11-28T11:55:08 BDT" name="homeTest" finished-at="2023-11-28T11:55:13 BDT" duration-ms="5183" status="PASS">
          <reporter-output>
          </reporter-output>
        </test-method> <!-- homeTest -->
        <test-method is-config="true" signature="report()[pri:0, instance:org.example.tests.HomePageTest@606e4010]" started-at="2023-11-28T11:55:13 BDT" name="report" finished-at="2023-11-28T11:55:13 BDT" duration-ms="394" status="PASS">
          <reporter-output>
          </reporter-output>
        </test-method> <!-- report -->
        <test-method is-config="true" signature="close()[pri:0, instance:org.example.tests.HomePageTest@606e4010]" started-at="2023-11-28T11:56:09 BDT" name="close" finished-at="2023-11-28T11:56:09 BDT" duration-ms="516" status="PASS">
          <reporter-output>
          </reporter-output>
        </test-method> <!-- close -->
      </class> <!-- org.example.tests.HomePageTest -->
      <class name="org.example.tests.OrderConfirmPageTest">
        <test-method is-config="true" signature="start()[pri:0, instance:org.example.tests.OrderConfirmPageTest@16eb3ea3]" started-at="2023-11-28T11:55:26 BDT" name="start" finished-at="2023-11-28T11:55:26 BDT" duration-ms="0" status="PASS">
          <reporter-output>
          </reporter-output>
        </test-method> <!-- start -->
        <test-method signature="OrderCONFIRMPageTest()[pri:0, instance:org.example.tests.OrderConfirmPageTest@16eb3ea3]" started-at="2023-11-28T11:55:26 BDT" name="OrderCONFIRMPageTest" finished-at="2023-11-28T11:55:34 BDT" duration-ms="7306" status="PASS">
          <reporter-output>
          </reporter-output>
        </test-method> <!-- OrderCONFIRMPageTest -->
        <test-method is-config="true" signature="report()[pri:0, instance:org.example.tests.OrderConfirmPageTest@16eb3ea3]" started-at="2023-11-28T11:55:34 BDT" name="report" finished-at="2023-11-28T11:55:34 BDT" duration-ms="159" status="PASS">
          <reporter-output>
          </reporter-output>
        </test-method> <!-- report -->
      </class> <!-- org.example.tests.OrderConfirmPageTest -->
      <class name="org.example.tests.AuthorBookTest">
        <test-method is-config="true" signature="start()[pri:0, instance:org.example.tests.AuthorBookTest@6caf0677]" started-at="2023-11-28T11:55:18 BDT" name="start" finished-at="2023-11-28T11:55:18 BDT" duration-ms="1" status="PASS">
          <reporter-output>
          </reporter-output>
        </test-method> <!-- start -->
        <test-method signature="authorBOOKTest()[pri:0, instance:org.example.tests.AuthorBookTest@6caf0677]" started-at="2023-11-28T11:55:18 BDT" name="authorBOOKTest" finished-at="2023-11-28T11:55:23 BDT" duration-ms="4834" status="PASS">
          <reporter-output>
          </reporter-output>
        </test-method> <!-- authorBOOKTest -->
        <test-method is-config="true" signature="report()[pri:0, instance:org.example.tests.AuthorBookTest@6caf0677]" started-at="2023-11-28T11:55:23 BDT" name="report" finished-at="2023-11-28T11:55:23 BDT" duration-ms="103" status="PASS">
          <reporter-output>
          </reporter-output>
        </test-method> <!-- report -->
      </class> <!-- org.example.tests.AuthorBookTest -->
    </test> <!-- C:/Users/Lenovo/IdeaProjects/wafilite -->
  </suite> <!-- All Test Suite -->
</testng-results>
